<?xml version="1.0" encoding="UTF-8"?>
<testsuite name="com.ce.myallstarteam.MyAllStarTeamApplicationTests" tests="1" skipped="0" failures="0" errors="0" timestamp="2024-12-11T05:06:17" hostname="DESKTOP-OK58LKE" time="0.483">
  <properties/>
  <testcase name="contextLoads()" classname="com.ce.myallstarteam.MyAllStarTeamApplicationTests" time="0.483"/>
  <system-out><![CDATA[14:06:12.879 [Test worker] INFO org.springframework.test.context.support.AnnotationConfigContextLoaderUtils -- Could not detect default configuration classes for test class [com.ce.myallstarteam.MyAllStarTeamApplicationTests]: MyAllStarTeamApplicationTests does not declare any static, non-private, non-final, nested classes annotated with @Configuration.
14:06:13.001 [Test worker] INFO org.springframework.boot.test.context.SpringBootTestContextBootstrapper -- Found @SpringBootConfiguration com.ce.myallstarteam.MyAllStarTeamApplication for test class com.ce.myallstarteam.MyAllStarTeamApplicationTests

  .   ____          _            __ _ _
 /\\ / ___'_ __ _ _(_)_ __  __ _ \ \ \ \
( ( )\___ | '_ | '_| | '_ \/ _` | \ \ \ \
 \\/  ___)| |_)| | | | | || (_| |  ) ) ) )
  '  |____| .__|_| |_|_| |_\__, | / / / /
 =========|_|==============|___/=/_/_/_/

 :: Spring Boot ::                (v3.4.0)

2024-12-11T14:06:13.473+09:00  INFO 13636 --- [MyAllStarTeam] [    Test worker] c.c.m.MyAllStarTeamApplicationTests      : Starting MyAllStarTeamApplicationTests using Java 17.0.12 with PID 13636 (started by user in C:\Users\user\Desktop\CE\project\project1-team1)
2024-12-11T14:06:13.475+09:00  INFO 13636 --- [MyAllStarTeam] [    Test worker] c.c.m.MyAllStarTeamApplicationTests      : No active profile set, falling back to 1 default profile: "default"
2024-12-11T14:06:14.208+09:00  INFO 13636 --- [MyAllStarTeam] [    Test worker] .s.d.r.c.RepositoryConfigurationDelegate : Bootstrapping Spring Data JPA repositories in DEFAULT mode.
2024-12-11T14:06:14.236+09:00  INFO 13636 --- [MyAllStarTeam] [    Test worker] .s.d.r.c.RepositoryConfigurationDelegate : Finished Spring Data repository scanning in 18 ms. Found 0 JPA repository interfaces.
2024-12-11T14:06:14.704+09:00  INFO 13636 --- [MyAllStarTeam] [    Test worker] o.hibernate.jpa.internal.util.LogHelper  : HHH000204: Processing PersistenceUnitInfo [name: default]
2024-12-11T14:06:14.797+09:00  INFO 13636 --- [MyAllStarTeam] [    Test worker] org.hibernate.Version                    : HHH000412: Hibernate ORM core version 6.6.2.Final
2024-12-11T14:06:14.854+09:00  INFO 13636 --- [MyAllStarTeam] [    Test worker] o.h.c.internal.RegionFactoryInitiator    : HHH000026: Second-level cache disabled
2024-12-11T14:06:15.233+09:00  INFO 13636 --- [MyAllStarTeam] [    Test worker] o.s.o.j.p.SpringPersistenceUnitInfo      : No LoadTimeWeaver setup: ignoring JPA class transformer
2024-12-11T14:06:15.276+09:00  INFO 13636 --- [MyAllStarTeam] [    Test worker] com.zaxxer.hikari.HikariDataSource       : HikariPool-1 - Starting...
2024-12-11T14:06:15.575+09:00  INFO 13636 --- [MyAllStarTeam] [    Test worker] com.zaxxer.hikari.pool.HikariPool        : HikariPool-1 - Added connection com.mysql.cj.jdbc.ConnectionImpl@216328b2
2024-12-11T14:06:15.577+09:00  INFO 13636 --- [MyAllStarTeam] [    Test worker] com.zaxxer.hikari.HikariDataSource       : HikariPool-1 - Start completed.
2024-12-11T14:06:15.667+09:00  INFO 13636 --- [MyAllStarTeam] [    Test worker] org.hibernate.orm.connections.pooling    : HHH10001005: Database info:
	Database JDBC URL [Connecting through datasource 'HikariDataSource (HikariPool-1)']
	Database driver: undefined/unknown
	Database version: 8.0.34
	Autocommit mode: undefined/unknown
	Isolation level: undefined/unknown
	Minimum pool size: undefined/unknown
	Maximum pool size: undefined/unknown
2024-12-11T14:06:16.774+09:00  INFO 13636 --- [MyAllStarTeam] [    Test worker] o.h.e.t.j.p.i.JtaPlatformInitiator       : HHH000489: No JTA platform available (set 'hibernate.transaction.jta.platform' to enable JTA platform integration)
Hibernate: 
    alter table team 
       drop 
       foreign key FKalyexiqpqx5l2d8hcd5a6adjo
Hibernate: 
    alter table team_player 
       drop 
       foreign key FKbokehxnofx17mah359bwxrur8
Hibernate: 
    alter table team_player 
       drop 
       foreign key FKgadi21l58c1a65823rn8cgrps
Hibernate: 
    drop table if exists player
Hibernate: 
    drop table if exists team
Hibernate: 
    drop table if exists team_player
Hibernate: 
    drop table if exists user
Hibernate: 
    create table player (
        d_csp float(53) not null,
        d_errors integer not null,
        d_fielding_percentage float(53) not null,
        h_batting_avg float(53) not null,
        h_hits integer not null,
        h_home_runs integer not null,
        h_runs integer not null,
        p_era float(53) not null,
        p_hits_allows integer not null,
        p_hra integer not null,
        p_id integer not null auto_increment,
        p_saves integer not null,
        p_strike_outs integer not null,
        p_winning_percentage float(53) not null,
        p_wins integer not null,
        d_position varchar(30),
        p_team varchar(50),
        p_name varchar(100),
        primary key (p_id)
    ) engine=InnoDB
Hibernate: 
    create table team (
        team_id integer not null auto_increment,
        u_id integer,
        created_date datetime(6),
        modified_date datetime(6),
        team_name varchar(100),
        primary key (team_id)
    ) engine=InnoDB
Hibernate: 
    create table team_player (
        p_id integer not null,
        team_id integer not null,
        tp_id integer not null auto_increment,
        position varchar(30) not null,
        primary key (tp_id)
    ) engine=InnoDB
Hibernate: 
    create table user (
        u_id integer not null auto_increment,
        u_email varchar(50) not null,
        u_name varchar(50) not null,
        u_pw varchar(50) not null,
        primary key (u_id)
    ) engine=InnoDB
Hibernate: 
    alter table team_player 
       add constraint UKsa5sesojxu9ua9vfvjuu4p9jb unique (p_id)
Hibernate: 
    alter table team 
       add constraint FKalyexiqpqx5l2d8hcd5a6adjo 
       foreign key (u_id) 
       references user (u_id)
Hibernate: 
    alter table team_player 
       add constraint FKbokehxnofx17mah359bwxrur8 
       foreign key (p_id) 
       references player (p_id)
Hibernate: 
    alter table team_player 
       add constraint FKgadi21l58c1a65823rn8cgrps 
       foreign key (team_id) 
       references team (team_id)
2024-12-11T14:06:17.052+09:00  INFO 13636 --- [MyAllStarTeam] [    Test worker] j.LocalContainerEntityManagerFactoryBean : Initialized JPA EntityManagerFactory for persistence unit 'default'
2024-12-11T14:06:17.213+09:00  WARN 13636 --- [MyAllStarTeam] [    Test worker] JpaBaseConfiguration$JpaWebConfiguration : spring.jpa.open-in-view is enabled by default. Therefore, database queries may be performed during view rendering. Explicitly configure spring.jpa.open-in-view to disable this warning
2024-12-11T14:06:17.570+09:00  WARN 13636 --- [MyAllStarTeam] [    Test worker] ion$DefaultTemplateResolverConfiguration : Cannot find template location: classpath:/templates/ (please add some templates, check your Thymeleaf configuration, or set spring.thymeleaf.check-template-location=false)
2024-12-11T14:06:17.733+09:00  INFO 13636 --- [MyAllStarTeam] [    Test worker] c.c.m.MyAllStarTeamApplicationTests      : Started MyAllStarTeamApplicationTests in 4.55 seconds (process running for 5.859)
]]></system-out>
  <system-err><![CDATA[]]></system-err>
</testsuite>
